This is e-upTeX, Version 3.14159265-p3.8.1-u1.23-180226-2.6 (utf8.uptex) (TeX Live 2018/W32TeX) (preloaded format=uplatex 2018.5.12)  20 JUN 2019 15:20
entering extended mode
 restricted \write18 enabled.
 %&-line parsing enabled.
**2019_06_21_terauchi.tex
(./2019_06_21_terauchi.tex
pLaTeX2e <2018-04-01u02>+2 (based on LaTeX2e <2018-04-01> patch level 4)
(c:/w32tex/share/texmf-dist/tex/uplatex/base/ujarticle.cls
Document Class: ujarticle 2018/02/04 v1.7h-u00 Standard upLaTeX class
\c@@paper=\count83
(c:/w32tex/share/texmf-dist/tex/uplatex/base/ujsize10.clo
File: ujsize10.clo 2018/02/04 v1.7h-u00 Standard upLaTeX file (size option)
LaTeX Font Info:    Font shape `JT2/mc/m/n' will be
(Font)              scaled to size 9.6222pt on input line 28.
LaTeX Font Info:    Font shape `JY2/mc/m/n' will be
(Font)              scaled to size 9.6222pt on input line 28.
)
\c@part=\count84
\c@section=\count85
\c@subsection=\count86
\c@subsubsection=\count87
\c@paragraph=\count88
\c@subparagraph=\count89
\c@figure=\count90
\c@table=\count91
\abovecaptionskip=\skip41
\belowcaptionskip=\skip42
\symmincho=\mathgroup4
LaTeX Font Info:    Overwriting symbol font `mincho' in version `bold'
(Font)                  JY2/mc/m/n --> JY2/gt/m/n on input line 615.
\toclineskip=\dimen118
\@lnumwidth=\dimen119
\bibindent=\dimen120
\heisei=\count92
)
(c:/w32tex/share/texmf-dist/tex/latex/graphics/graphicx.sty
Package: graphicx 2017/06/01 v1.1a Enhanced LaTeX Graphics (DPC,SPQR)

(c:/w32tex/share/texmf-dist/tex/latex/graphics/keyval.sty
Package: keyval 2014/10/28 v1.15 key=value parser (DPC)
\KV@toks@=\toks15
)
(c:/w32tex/share/texmf-dist/tex/latex/graphics/graphics.sty
Package: graphics 2017/06/25 v1.2c Standard LaTeX Graphics (DPC,SPQR)

(c:/w32tex/share/texmf-dist/tex/latex/graphics/trig.sty
Package: trig 2016/01/03 v1.10 sin cos tan (DPC)
)
(c:/w32tex/share/texmf-dist/tex/latex/graphics-cfg/graphics.cfg
File: graphics.cfg 2016/06/04 v1.11 sample graphics configuration
)
Package graphics Info: Driver file: dvipdfmx.def on input line 99.

(c:/w32tex/share/texmf-dist/tex/latex/graphics-def/dvipdfmx.def
File: dvipdfmx.def 2017/06/24 v5.0g Graphics/color driver for dvipdfmx
))
\Gin@req@height=\dimen121
\Gin@req@width=\dimen122
)
(c:/w32tex/share/texmf-dist/tex/latex/caption/subcaption.sty
Package: subcaption 2016/05/22 v1.1-161 Sub-captions (AR)

(c:/w32tex/share/texmf-dist/tex/latex/caption/caption.sty
Package: caption 2017/03/19 v3.3-145 Customizing captions (AR)

(c:/w32tex/share/texmf-dist/tex/latex/caption/caption3.sty
Package: caption3 2018/04/15 v1.7-167 caption3 kernel (AR)
Package caption3 Info: TeX engine: e-TeX on input line 64.
\captionmargin=\dimen123
\captionmargin@=\dimen124
\captionwidth=\dimen125
\caption@tempdima=\dimen126
\caption@indent=\dimen127
\caption@parindent=\dimen128
\caption@hangindent=\dimen129
Package caption Info: Unknown document class (or package),
(caption)             standard defaults will be used.
)

Package caption Warning: Unsupported document class (or package) detected,
(caption)                usage of the caption package is not recommended.
See the caption package documentation for explanation.

Package caption Info: \@makecaption = \long macro:#1#2->\vskip \abovecaptionski
p \iftdir \sbox \@tempboxa {#1\hskip 1zw#2}\else \sbox \@tempboxa {#1: #2}\fi \
ifdim \wd \@tempboxa >\hsize \iftdir #1\hskip 1zw#2\relax \par \else #1: #2\rel
ax \par \fi \else \global \@minipagefalse \hb@xt@ \hsize {\hfil \box \@tempboxa
 \hfil }\fi \vskip \belowcaptionskip .
\c@ContinuedFloat=\count93
)
\c@subfigure=\count94
\c@subtable=\count95
) (c:/w32tex/share/texmf-dist/tex/latex/multirow/multirow.sty
Package: multirow 2016/11/25 v2.2 Span multiple rows of a table
\multirow@colwidth=\skip43
\multirow@cntb=\count96
\multirow@dima=\skip44
\bigstrutjot=\dimen130
)
(./2019_06_21_terauchi.aux)
\openout1 = `2019_06_21_terauchi.aux'.

LaTeX Font Info:    Checking defaults for OML/cmm/m/it on input line 35.
LaTeX Font Info:    ... okay on input line 35.
LaTeX Font Info:    Checking defaults for T1/cmr/m/n on input line 35.
LaTeX Font Info:    ... okay on input line 35.
LaTeX Font Info:    Checking defaults for OT1/cmr/m/n on input line 35.
LaTeX Font Info:    ... okay on input line 35.
LaTeX Font Info:    Checking defaults for OMS/cmsy/m/n on input line 35.
LaTeX Font Info:    ... okay on input line 35.
LaTeX Font Info:    Checking defaults for OMX/cmex/m/n on input line 35.
LaTeX Font Info:    ... okay on input line 35.
LaTeX Font Info:    Checking defaults for U/cmr/m/n on input line 35.
LaTeX Font Info:    ... okay on input line 35.
LaTeX Font Info:    Checking defaults for JY2/mc/m/n on input line 35.
LaTeX Font Info:    ... okay on input line 35.
LaTeX Font Info:    Checking defaults for JT2/mc/m/n on input line 35.
LaTeX Font Info:    ... okay on input line 35.
Package caption Info: Begin \AtBeginDocument code.
Package caption Info: End \AtBeginDocument code.
LaTeX Font Info:    Font shape `JT2/mc/m/n' will be
(Font)              scaled to size 13.85594pt on input line 53.
LaTeX Font Info:    Font shape `JY2/mc/m/n' will be
(Font)              scaled to size 13.85594pt on input line 53.
LaTeX Font Info:    Font shape `JT2/mc/bx/n' in size <14.4> not available
(Font)              Font shape `JT2/gt/m/n' tried instead on input line 53.
LaTeX Font Info:    Font shape `JT2/gt/m/n' will be
(Font)              scaled to size 13.85594pt on input line 53.
LaTeX Font Info:    Font shape `JY2/mc/bx/n' in size <14.4> not available
(Font)              Font shape `JY2/gt/m/n' tried instead on input line 53.
LaTeX Font Info:    Font shape `JY2/gt/m/n' will be
(Font)              scaled to size 13.85594pt on input line 53.
File: model_structure.png Graphic file (type bmp)
<model_structure.png>

Overfull \hbox (38.06967pt too wide) in paragraph at lines 73--75
 |  [] 
 []


LaTeX Warning: Float too large for page by 14.05637pt on input line 78.


LaTeX Warning: `h' float specifier changed to `ht'.

File: original.png Graphic file (type bmp)
<original.png>

Overfull \hbox (48.51741pt too wide) in paragraph at lines 85--86
 [][] 
 []

LaTeX Font Info:    Font shape `JT2/mc/m/n' will be
(Font)              scaled to size 8.65997pt on input line 86.
LaTeX Font Info:    Font shape `JY2/mc/m/n' will be
(Font)              scaled to size 8.65997pt on input line 86.
LaTeX Font Info:    External font `cmex10' loaded for size
(Font)              <7> on input line 88.
LaTeX Font Info:    External font `cmex10' loaded for size
(Font)              <5> on input line 88.
LaTeX Font Info:    Font shape `JY2/mc/m/n' will be
(Font)              scaled to size 6.73553pt on input line 88.
LaTeX Font Info:    Font shape `JY2/mc/m/n' will be
(Font)              scaled to size 4.8111pt on input line 88.
File: eyes_only_10.png Graphic file (type bmp)
<eyes_only_10.png>

Overfull \hbox (48.51741pt too wide) in paragraph at lines 92--93
 [][] 
 []

File: rem_eye_10.png Graphic file (type bmp)
<rem_eye_10.png>

Overfull \hbox (48.51741pt too wide) in paragraph at lines 98--99
 [][] 
 []


LaTeX Warning: `h' float specifier changed to `ht'.

(./2019_06_21_terauchi.bbl
LaTeX Font Info:    Font shape `JT2/gt/m/n' will be
(Font)              scaled to size 9.6222pt on input line 6.
LaTeX Font Info:    Font shape `JY2/gt/m/n' will be
(Font)              scaled to size 9.6222pt on input line 6.


LaTeX Font Warning: Font shape `JT2/gt/m/it' undefined
(Font)              using `JT2/gt/m/n' instead on input line 6.


LaTeX Font Warning: Font shape `JY2/gt/m/it' undefined
(Font)              using `JY2/gt/m/n' instead on input line 6.

LaTeX Font Info:    Font shape `JT2/gt/m/it' will be
(Font)              scaled to size 9.6222pt on input line 12.
LaTeX Font Info:    Font shape `JY2/gt/m/it' will be
(Font)              scaled to size 9.6222pt on input line 12.
) [1

] [2] [3] (./2019_06_21_terauchi.aux)

LaTeX Font Warning: Some font shapes were not available, defaults substituted.

 ) 
Here is how much of TeX's memory you used:
 1860 strings out of 493268
 29683 string characters out of 6146858
 107118 words of memory out of 5000000
 5837 multiletter control sequences out of 15000+600000
 8392 words of font info for 42 fonts, out of 8000000 for 9000
 929 hyphenation exceptions out of 8191
 42i,6n,40p,400b,528s stack positions out of 5000i,500n,10000p,500000b,80000s

Output written on 2019_06_21_terauchi.dvi (3 pages, 5104 bytes).
